Using launch settings from C:\project\gpos_core_mvc\Properties\launchSettings.json...
Building...
info: Microsoft.EntityFrameworkCore.Migrations[20411]
      Acquiring an exclusive lock for migration application. See https://aka.ms/efcore-docs-migrations-lock for more information if this takes too long.
info: Microsoft.EntityFrameworkCore.Database.Command[20101]
      Executed DbCommand (15ms) [Parameters=[], CommandType='Text', CommandTimeout='30']
      SELECT GET_LOCK('__gpos_EFMigrationsLock', 259200)
info: Microsoft.EntityFrameworkCore.Database.Command[20101]
      Executed DbCommand (25ms) [Parameters=[], CommandType='Text', CommandTimeout='30']
      CREATE TABLE IF NOT EXISTS `__EFMigrationsHistory` (
          `MigrationId` varchar(150) CHARACTER SET utf8mb4 NOT NULL,
          `ProductVersion` varchar(32) CHARACTER SET utf8mb4 NOT NULL,
          CONSTRAINT `PK___EFMigrationsHistory` PRIMARY KEY (`MigrationId`)
      ) CHARACTER SET=utf8mb4;
info: Microsoft.EntityFrameworkCore.Database.Command[20101]
      Executed DbCommand (28ms) [Parameters=[], CommandType='Text', CommandTimeout='30']
      SELECT 1 FROM INFORMATION_SCHEMA.TABLES WHERE TABLE_SCHEMA='gpos' AND TABLE_NAME='__EFMigrationsHistory';
info: Microsoft.EntityFrameworkCore.Database.Command[20101]
      Executed DbCommand (2ms) [Parameters=[], CommandType='Text', CommandTimeout='30']
      SELECT `MigrationId`, `ProductVersion`
      FROM `__EFMigrationsHistory`
      ORDER BY `MigrationId`;
info: Microsoft.EntityFrameworkCore.Migrations[20405]
      No migrations were applied. The database is already up to date.
info: Microsoft.EntityFrameworkCore.Database.Command[20101]
      Executed DbCommand (1ms) [Parameters=[], CommandType='Text', CommandTimeout='30']
      SELECT RELEASE_LOCK('__gpos_EFMigrationsLock')
info: Microsoft.EntityFrameworkCore.Database.Command[20101]
      Executed DbCommand (19ms) [Parameters=[], CommandType='Text', CommandTimeout='30']
      SELECT `r`.`id`, `r`.`code`, `r`.`created_at`, `r`.`name`, `r`.`updated_at`
      FROM `roles` AS `r`
      WHERE `r`.`code` = 'admin'
      LIMIT 1
info: Microsoft.EntityFrameworkCore.Database.Command[20101]
      Executed DbCommand (6ms) [Parameters=[], CommandType='Text', CommandTimeout='30']
      SELECT EXISTS (
          SELECT 1
          FROM `users` AS `u`)
info: Microsoft.EntityFrameworkCore.Database.Command[20101]
      Executed DbCommand (9ms) [Parameters=[], CommandType='Text', CommandTimeout='30']
      CREATE TABLE IF NOT EXISTS employees (
id INT AUTO_INCREMENT PRIMARY KEY,
name VARCHAR(150) NOT NULL,
username VARCHAR(100) NOT NULL UNIQUE,
password VARCHAR(255) NOT NULL,
role VARCHAR(50) NOT NULL,
status VARCHAR(20) NOT NULL DEFAULT 'active',
created_at DATETIME NOT NULL DEFAULT CURRENT_TIMESTAMP,
updated_at DATETIME NOT NULL DEFAULT CURRENT_TIMESTAMP ON UPDATE CURRENT_TIMESTAMP
);
info: Microsoft.EntityFrameworkCore.Database.Command[20101]
      Executed DbCommand (51ms) [Parameters=[@name='?', @username='?', @password='?', @role='?', @status='?'], CommandType='Text', CommandTimeout='30']
      INSERT INTO employees (name, username, password, role, status)
SELECT @name, @username, @password, @role, @status
WHERE NOT EXISTS (
    SELECT 1 FROM employees WHERE username = @username
);
info: Program[0]
      Ensured employees table and default salesman account.
info: Microsoft.Hosting.Lifetime[14]
      Now listening on: http://localhost:5013
info: Microsoft.Hosting.Lifetime[0]
      Application started. Press Ctrl+C to shut down.
info: Microsoft.Hosting.Lifetime[0]
      Hosting environment: Development
info: Microsoft.Hosting.Lifetime[0]
      Content root path: C:\project\gpos_core_mvc
warn: Microsoft.AspNetCore.HttpsPolicy.HttpsRedirectionMiddleware[3]
      Failed to determine the https port for redirect.
info: Microsoft.EntityFrameworkCore.Database.Command[20101]
      Executed DbCommand (20ms) [Parameters=[@__normalizedLogin_0='?' (Size = 255)], CommandType='Text', CommandTimeout='30']
      SELECT `u1`.`id`, `u1`.`created_at`, `u1`.`email`, `u1`.`password_hash`, `u1`.`updated_at`, `u1`.`username`, `s`.`id`, `s`.`created_at`, `s`.`role_id`, `s`.`updated_at`, `s`.`user_id`, `s`.`id0`, `s`.`code`, `s`.`created_at0`, `s`.`name`, `s`.`updated_at0`
      FROM (
          SELECT `u`.`id`, `u`.`created_at`, `u`.`email`, `u`.`password_hash`, `u`.`updated_at`, `u`.`username`
          FROM `users` AS `u`
          WHERE (`u`.`username` = @__normalizedLogin_0) OR (`u`.`email` = @__normalizedLogin_0)
          LIMIT 1
      ) AS `u1`
      LEFT JOIN (
          SELECT `u0`.`id`, `u0`.`created_at`, `u0`.`role_id`, `u0`.`updated_at`, `u0`.`user_id`, `r`.`id` AS `id0`, `r`.`code`, `r`.`created_at` AS `created_at0`, `r`.`name`, `r`.`updated_at` AS `updated_at0`
          FROM `user_roles` AS `u0`
          INNER JOIN `roles` AS `r` ON `u0`.`role_id` = `r`.`id`
      ) AS `s` ON `u1`.`id` = `s`.`user_id`
      ORDER BY `u1`.`id`, `s`.`id`
